C:\Program Files (x86)\Microsoft Visual Studio\2017\Enterprise\Common7\IDE\VC\VCTargets\Microsoft.CppBuild.targets(391,5): warning MSB8028: The intermediate directory (x64\Debug\) contains files shared from another project (TrakingMotion.vcxproj).  This can lead to incorrect clean and rebuild behavior.
  pch.cpp
  mousetracking.cpp
c:\__data__\00_petprojects\movingdetection\motiontrackingwithcam\trackingmotion\trakingmotion\mousetracking.cpp(25): warning C4244: '=': conversion from 'LONG' to '_Tp', possible loss of data
          with
          [
              _Tp=float
          ]
c:\__data__\00_petprojects\movingdetection\motiontrackingwithcam\trackingmotion\trakingmotion\mousetracking.cpp(26): warning C4244: '=': conversion from 'LONG' to '_Tp', possible loss of data
          with
          [
              _Tp=float
          ]
c:\__data__\00_petprojects\movingdetection\motiontrackingwithcam\trackingmotion\trakingmotion\mousetracking.cpp(43): warning C4244: 'argument': conversion from '_Tp' to '_Tp', possible loss of data
          with
          [
              _Tp=float
          ]
          and
          [
              _Tp=int
          ]
c:\__data__\00_petprojects\movingdetection\motiontrackingwithcam\trackingmotion\trakingmotion\mousetracking.cpp(47): warning C4244: '=': conversion from 'LONG' to '_Tp', possible loss of data
          with
          [
              _Tp=float
          ]
c:\__data__\00_petprojects\movingdetection\motiontrackingwithcam\trackingmotion\trakingmotion\mousetracking.cpp(48): warning C4244: '=': conversion from 'LONG' to '_Tp', possible loss of data
          with
          [
              _Tp=float
          ]
c:\__data__\00_petprojects\movingdetection\motiontrackingwithcam\trackingmotion\trakingmotion\mousetracking.cpp(53): warning C4244: 'argument': conversion from '_Tp' to '_Tp', possible loss of data
          with
          [
              _Tp=float
          ]
          and
          [
              _Tp=int
          ]
c:\__data__\00_petprojects\movingdetection\motiontrackingwithcam\trackingmotion\trakingmotion\mousetracking.cpp(54): warning C4244: 'argument': conversion from '_Tp' to '_Tp', possible loss of data
          with
          [
              _Tp=float
          ]
          and
          [
              _Tp=int
          ]
  PositionEstimator.cpp
c:\__data__\00_petprojects\movingdetection\motiontrackingwithcam\trackingmotion\trakingmotion\positionestimator.cpp(143): warning C4244: 'argument': conversion from '_Tp' to '_Tp', possible loss of data
          with
          [
              _Tp=float
          ]
          and
          [
              _Tp=int
          ]
c:\__data__\00_petprojects\movingdetection\motiontrackingwithcam\trackingmotion\trakingmotion\positionestimator.cpp(146): warning C4244: '=': conversion from 'double' to '_Tp', possible loss of data
          with
          [
              _Tp=float
          ]
c:\__data__\00_petprojects\movingdetection\motiontrackingwithcam\trackingmotion\trakingmotion\positionestimator.cpp(147): warning C4244: '=': conversion from 'double' to '_Tp', possible loss of data
          with
          [
              _Tp=float
          ]
c:\__data__\00_petprojects\movingdetection\motiontrackingwithcam\trackingmotion\trakingmotion\positionestimator.cpp(152): warning C4244: 'argument': conversion from '_Tp' to '_Tp', possible loss of data
          with
          [
              _Tp=float
          ]
          and
          [
              _Tp=int
          ]
  TrakingMotionMain.cpp
  VideoDecoder.cpp
  Visualization.cpp
c:\__data__\00_petprojects\movingdetection\motiontrackingwithcam\trackingmotion\trakingmotion\visualization.cpp(34): warning C4244: 'initializing': conversion from 'double' to 'int', possible loss of data
c:\__data__\00_petprojects\movingdetection\motiontrackingwithcam\trackingmotion\trakingmotion\visualization.cpp(35): warning C4244: 'initializing': conversion from 'double' to 'int', possible loss of data
c:\__data__\00_petprojects\movingdetection\motiontrackingwithcam\trackingmotion\trakingmotion\visualization.cpp(97): warning C4244: 'argument': conversion from 'int' to '_Tp', possible loss of data
          with
          [
              _Tp=float
          ]
c:\__data__\00_petprojects\movingdetection\motiontrackingwithcam\trackingmotion\trakingmotion\visualization.cpp(98): warning C4244: 'argument': conversion from 'int' to '_Tp', possible loss of data
          with
          [
              _Tp=float
          ]
c:\__data__\00_petprojects\movingdetection\motiontrackingwithcam\trackingmotion\trakingmotion\visualization.cpp(216): warning C4244: 'argument': conversion from 'int' to '_Tp', possible loss of data
          with
          [
              _Tp=float
          ]
  Generating Code...
  TrakingMotion.vcxproj -> C:\__DATA__\00_PetProjects\MovingDetection\MotionTrackingWithCam\TrackingMotion\x64\Debug\TrackingMotion.exe
